[2024-01-08 20:24:20,981 : INFO : common : yaml file: config\config.yaml loaded successfully]
[2024-01-08 20:24:20,987 : INFO : common : yaml file: params.yaml loaded successfully]
[2024-01-08 20:24:44,016 : INFO : common : yaml file: config\config.yaml loaded successfully]
[2024-01-08 20:24:44,019 : INFO : common : yaml file: params.yaml loaded successfully]
[2024-01-08 20:25:31,839 : INFO : common : yaml file: config\config.yaml loaded successfully]
[2024-01-08 20:25:31,845 : INFO : common : yaml file: params.yaml loaded successfully]
[2024-01-08 20:25:31,847 : INFO : common : created directory at: dataset/data_ingestion]
[2024-01-08 20:26:20,213 : INFO : common : yaml file: config\config.yaml loaded successfully]
[2024-01-08 20:26:20,216 : INFO : common : yaml file: params.yaml loaded successfully]
[2024-01-08 20:26:20,217 : INFO : common : created directory at: dataset/data_ingestion]
[2024-01-08 20:26:20,217 : INFO : 1792533023 : data downloaded!]
[2024-01-08 20:26:31,192 : INFO : common : yaml file: config\config.yaml loaded successfully]
[2024-01-08 20:26:31,195 : INFO : common : yaml file: params.yaml loaded successfully]
[2024-01-08 20:26:31,196 : INFO : common : created directory at: dataset/data_ingestion]
[2024-01-08 20:26:31,197 : INFO : 1792533023 : data downloaded!]
[2024-01-08 21:57:46,672 : INFO : common : yaml file: config\config.yaml loaded successfully]
[2024-01-08 21:57:46,677 : INFO : common : yaml file: params.yaml loaded successfully]
[2024-01-08 21:57:46,679 : INFO : common : created directory at: dataset/data_ingestion]
[2024-01-08 21:59:08,023 : INFO : common : yaml file: config\config.yaml loaded successfully]
[2024-01-08 21:59:08,029 : INFO : common : yaml file: params.yaml loaded successfully]
[2024-01-08 21:59:08,032 : INFO : common : created directory at: dataset/data_ingestion]
[2024-01-08 21:59:32,658 : INFO : common : yaml file: config\config.yaml loaded successfully]
[2024-01-08 21:59:32,666 : INFO : common : yaml file: params.yaml loaded successfully]
[2024-01-08 21:59:32,668 : INFO : common : created directory at: dataset/data_ingestion]
[2024-01-08 21:59:48,169 : INFO : common : yaml file: config\config.yaml loaded successfully]
[2024-01-08 21:59:48,173 : INFO : common : yaml file: params.yaml loaded successfully]
[2024-01-08 21:59:48,175 : INFO : common : created directory at: dataset/data_ingestion]
[2024-01-08 22:01:31,046 : INFO : common : yaml file: config\config.yaml loaded successfully]
[2024-01-08 22:01:31,055 : INFO : common : yaml file: params.yaml loaded successfully]
[2024-01-08 22:01:31,059 : INFO : common : created directory at: dataset/data_ingestion]
[2024-01-08 22:04:30,342 : INFO : common : yaml file: config\config.yaml loaded successfully]
[2024-01-08 22:04:30,346 : INFO : common : yaml file: params.yaml loaded successfully]
[2024-01-08 22:04:30,349 : INFO : common : created directory at: dataset/data_ingestion]
[2024-01-08 22:04:56,409 : INFO : common : yaml file: config\config.yaml loaded successfully]
[2024-01-08 22:04:56,414 : INFO : common : yaml file: params.yaml loaded successfully]
[2024-01-08 22:04:56,417 : INFO : common : created directory at: dataset/data_ingestion]
[2024-01-08 22:56:08,483 : INFO : common : yaml file: config\config.yaml loaded successfully]
[2024-01-08 22:56:08,488 : INFO : common : yaml file: params.yaml loaded successfully]
[2024-01-08 22:56:08,490 : INFO : common : created directory at: model/]
[2024-01-08 22:56:52,801 : INFO : common : yaml file: config\config.yaml loaded successfully]
[2024-01-08 22:56:52,803 : INFO : common : yaml file: params.yaml loaded successfully]
[2024-01-08 22:56:52,805 : INFO : common : created directory at: model/]
[2024-01-08 22:57:34,816 : INFO : common : yaml file: config\config.yaml loaded successfully]
[2024-01-08 22:57:34,818 : INFO : common : yaml file: params.yaml loaded successfully]
[2024-01-08 22:57:34,820 : INFO : common : created directory at: model/]
[2024-01-08 22:59:01,107 : INFO : common : yaml file: config\config.yaml loaded successfully]
[2024-01-08 22:59:01,116 : INFO : common : yaml file: params.yaml loaded successfully]
[2024-01-08 22:59:01,118 : INFO : common : created directory at: model/]
[2024-01-08 22:59:24,458 : INFO : common : yaml file: config\config.yaml loaded successfully]
[2024-01-08 22:59:24,462 : INFO : common : yaml file: params.yaml loaded successfully]
[2024-01-08 22:59:24,463 : INFO : common : created directory at: model/]
[2024-01-08 23:04:41,012 : INFO : common : yaml file: config\config.yaml loaded successfully]
[2024-01-08 23:04:41,016 : INFO : common : yaml file: params.yaml loaded successfully]
[2024-01-08 23:04:41,018 : INFO : common : created directory at: model/]
[2024-01-08 23:04:43,648 : INFO : common : created directory at: dataset/data_ingestion]
[2024-01-08 23:04:55,260 : INFO : common : yaml file: config\config.yaml loaded successfully]
[2024-01-08 23:04:55,263 : INFO : common : yaml file: params.yaml loaded successfully]
[2024-01-08 23:04:55,265 : INFO : common : created directory at: model/]
[2024-01-08 23:04:57,987 : INFO : common : created directory at: dataset/data_ingestion]
[2024-01-08 23:05:54,572 : INFO : common : yaml file: config\config.yaml loaded successfully]
[2024-01-08 23:05:54,575 : INFO : common : yaml file: params.yaml loaded successfully]
[2024-01-08 23:05:54,576 : INFO : common : created directory at: model/]
[2024-01-08 23:05:57,654 : INFO : common : created directory at: dataset/data_ingestion]
[2024-01-08 23:05:59,980 : WARNING : functional : Model was constructed with shape (None, 224, 224, 3) for input KerasTensor(type_spec=TensorSpec(shape=(None, 224, 224, 3), dtype=tf.float32, name='input_5'), name='input_5', description="created by layer 'input_5'"), but it was called on an input with incompatible shape (None, 224, 224, 1).]
[2024-01-08 23:09:14,853 : INFO : common : yaml file: config\config.yaml loaded successfully]
[2024-01-08 23:09:14,857 : INFO : common : yaml file: params.yaml loaded successfully]
[2024-01-08 23:09:14,859 : INFO : common : created directory at: model/]
[2024-01-08 23:09:17,199 : INFO : common : created directory at: dataset/data_ingestion]
[2024-01-09 10:37:35,369 : INFO : common : yaml file: config\config.yaml loaded successfully]
[2024-01-09 10:37:35,410 : INFO : common : yaml file: params.yaml loaded successfully]
[2024-01-09 10:37:35,412 : INFO : common : created directory at: model/]
[2024-01-09 10:37:37,392 : INFO : common : created directory at: dataset/data_ingestion]
[2024-01-09 10:37:42,464 : WARNING : deprecation : From c:\Users\nagas\anaconda3\envs\cirq\lib\site-packages\tensorflow\python\autograph\pyct\static_analysis\liveness.py:83: Analyzer.lamba_check (from tensorflow.python.autograph.pyct.static_analysis.liveness) is deprecated and will be removed after 2023-09-23.
Instructions for updating:
Lambda fuctions will be no more assumed to be used in the statement where they are used, or at least in the same block. https://github.com/tensorflow/tensorflow/issues/56089]
[2024-01-09 10:44:00,092 : INFO : common : yaml file: config\config.yaml loaded successfully]
[2024-01-09 10:44:00,099 : INFO : common : yaml file: params.yaml loaded successfully]
[2024-01-09 10:44:00,101 : INFO : common : created directory at: model/]
[2024-01-09 10:51:51,492 : INFO : common : yaml file: config\config.yaml loaded successfully]
[2024-01-09 10:51:51,494 : INFO : common : yaml file: params.yaml loaded successfully]
[2024-01-09 10:51:51,497 : INFO : common : created directory at: model/]
[2024-01-09 10:51:53,524 : INFO : common : created directory at: dataset/data_ingestion]
[2024-01-10 19:35:12,374 : INFO : common : yaml file: config\config.yaml loaded successfully]
[2024-01-10 19:35:12,389 : INFO : common : yaml file: params.yaml loaded successfully]
[2024-01-10 19:35:12,389 : INFO : common : created directory at: model/]
[2024-01-10 19:36:46,417 : INFO : common : yaml file: config\config.yaml loaded successfully]
[2024-01-10 19:36:46,419 : INFO : common : yaml file: params.yaml loaded successfully]
[2024-01-10 19:36:46,419 : INFO : common : created directory at: model/]
[2024-01-10 19:37:42,665 : INFO : common : yaml file: config\config.yaml loaded successfully]
[2024-01-10 19:37:42,667 : INFO : common : yaml file: params.yaml loaded successfully]
[2024-01-10 19:37:42,667 : INFO : common : created directory at: model/]
[2024-01-10 19:38:10,167 : INFO : common : yaml file: config\config.yaml loaded successfully]
[2024-01-10 19:38:10,169 : INFO : common : yaml file: params.yaml loaded successfully]
[2024-01-10 19:38:10,170 : INFO : common : created directory at: model/]
[2024-01-10 19:38:51,472 : INFO : common : yaml file: config\config.yaml loaded successfully]
[2024-01-10 19:38:51,474 : INFO : common : yaml file: params.yaml loaded successfully]
[2024-01-10 19:38:51,475 : INFO : common : created directory at: model/]
[2024-01-10 19:39:23,719 : INFO : common : yaml file: config\config.yaml loaded successfully]
[2024-01-10 19:39:23,721 : INFO : common : yaml file: params.yaml loaded successfully]
[2024-01-10 19:39:23,722 : INFO : common : created directory at: model/]
[2024-01-10 19:40:36,917 : INFO : common : yaml file: config\config.yaml loaded successfully]
[2024-01-10 19:40:36,919 : INFO : common : yaml file: params.yaml loaded successfully]
[2024-01-10 19:40:36,919 : INFO : common : created directory at: model/]
[2024-01-10 19:44:15,226 : INFO : common : yaml file: config\config.yaml loaded successfully]
[2024-01-10 19:44:15,228 : INFO : common : yaml file: params.yaml loaded successfully]
[2024-01-10 19:44:15,228 : INFO : common : created directory at: model/]
[2024-01-10 19:44:56,189 : INFO : common : yaml file: config\config.yaml loaded successfully]
[2024-01-10 19:44:56,190 : INFO : common : yaml file: params.yaml loaded successfully]
[2024-01-10 19:44:56,191 : INFO : common : created directory at: model/]
[2024-01-10 20:14:22,084 : INFO : common : yaml file: config\config.yaml loaded successfully]
[2024-01-10 20:14:22,091 : INFO : common : yaml file: params.yaml loaded successfully]
[2024-01-10 20:14:22,176 : INFO : common : created directory at: model/]
[2024-01-10 20:14:31,682 : INFO : common : yaml file: config\config.yaml loaded successfully]
[2024-01-10 20:14:31,685 : INFO : common : yaml file: params.yaml loaded successfully]
[2024-01-10 20:14:31,685 : INFO : common : created directory at: model/]
[2024-01-10 22:39:46,717 : INFO : common : yaml file: config\config.yaml loaded successfully]
[2024-01-10 22:39:46,746 : INFO : common : yaml file: params.yaml loaded successfully]
[2024-01-10 22:40:14,890 : INFO : common : yaml file: config\config.yaml loaded successfully]
[2024-01-10 22:40:14,996 : INFO : common : yaml file: params.yaml loaded successfully]
[2024-01-10 22:40:14,998 : INFO : common : created directory at: model/]
[2024-01-10 22:40:40,519 : INFO : common : yaml file: config\config.yaml loaded successfully]
[2024-01-10 22:40:40,521 : INFO : common : yaml file: params.yaml loaded successfully]
[2024-01-10 22:40:40,522 : INFO : common : created directory at: model/]
[2024-01-10 22:41:30,135 : INFO : common : yaml file: config\config.yaml loaded successfully]
[2024-01-10 22:41:30,137 : INFO : common : yaml file: params.yaml loaded successfully]
[2024-01-10 22:41:30,138 : INFO : common : created directory at: model/]
[2024-01-10 22:41:38,215 : INFO : common : yaml file: config\config.yaml loaded successfully]
[2024-01-10 22:41:38,217 : INFO : common : yaml file: params.yaml loaded successfully]
[2024-01-10 22:41:38,235 : INFO : common : created directory at: model/]
[2024-01-10 22:41:43,454 : INFO : common : yaml file: config\config.yaml loaded successfully]
[2024-01-10 22:41:43,457 : INFO : common : yaml file: params.yaml loaded successfully]
[2024-01-10 22:41:43,457 : INFO : common : created directory at: model/]
[2024-01-10 22:42:12,905 : INFO : common : yaml file: config\config.yaml loaded successfully]
[2024-01-10 22:42:12,909 : INFO : common : yaml file: params.yaml loaded successfully]
[2024-01-10 22:42:12,910 : INFO : common : created directory at: model/]
[2024-01-10 22:43:19,124 : INFO : common : yaml file: config\config.yaml loaded successfully]
[2024-01-10 22:43:19,128 : INFO : common : yaml file: params.yaml loaded successfully]
[2024-01-10 22:43:19,129 : INFO : common : created directory at: model/]
[2024-01-10 22:43:54,948 : INFO : common : yaml file: config\config.yaml loaded successfully]
[2024-01-10 22:43:54,954 : INFO : common : yaml file: params.yaml loaded successfully]
[2024-01-10 22:43:54,956 : INFO : common : created directory at: model/]
[2024-01-10 22:44:24,683 : INFO : common : yaml file: config\config.yaml loaded successfully]
[2024-01-10 22:44:24,695 : INFO : common : yaml file: params.yaml loaded successfully]
[2024-01-10 22:44:24,698 : INFO : common : created directory at: model/]
[2024-01-10 22:47:44,682 : INFO : common : yaml file: config\config.yaml loaded successfully]
[2024-01-10 22:47:44,684 : INFO : common : yaml file: params.yaml loaded successfully]
[2024-01-10 22:47:44,685 : INFO : common : created directory at: model/]
[2024-01-10 22:50:24,983 : INFO : common : yaml file: config\config.yaml loaded successfully]
[2024-01-10 22:50:24,986 : INFO : common : yaml file: params.yaml loaded successfully]
[2024-01-10 22:50:24,987 : INFO : common : created directory at: model/]
[2024-01-10 22:50:38,070 : INFO : common : yaml file: config\config.yaml loaded successfully]
[2024-01-10 22:50:38,074 : INFO : common : yaml file: params.yaml loaded successfully]
[2024-01-10 22:50:38,076 : INFO : common : created directory at: model/]
[2024-01-10 22:52:45,606 : INFO : common : yaml file: config\config.yaml loaded successfully]
[2024-01-10 22:52:45,608 : INFO : common : yaml file: params.yaml loaded successfully]
[2024-01-10 22:52:45,608 : INFO : common : created directory at: model/]
[2024-01-10 22:52:59,054 : INFO : common : yaml file: config\config.yaml loaded successfully]
[2024-01-10 22:52:59,058 : INFO : common : yaml file: params.yaml loaded successfully]
[2024-01-10 22:52:59,059 : INFO : common : created directory at: model/]
[2024-01-10 22:53:28,651 : INFO : common : yaml file: config\config.yaml loaded successfully]
[2024-01-10 22:53:28,653 : INFO : common : yaml file: params.yaml loaded successfully]
[2024-01-10 22:53:28,654 : INFO : common : created directory at: model/]
[2024-01-10 22:53:37,389 : INFO : common : yaml file: config\config.yaml loaded successfully]
[2024-01-10 22:53:37,392 : INFO : common : yaml file: params.yaml loaded successfully]
[2024-01-10 22:53:37,393 : INFO : common : created directory at: model/]
[2024-01-10 22:53:37,428 : INFO : common : yaml file: config\config.yaml loaded successfully]
[2024-01-10 22:53:37,518 : INFO : common : yaml file: params.yaml loaded successfully]
[2024-01-10 22:53:37,579 : INFO : common : created directory at: model/]
[2024-01-10 22:56:51,936 : INFO : common : yaml file: config\config.yaml loaded successfully]
[2024-01-10 22:56:51,939 : INFO : common : yaml file: params.yaml loaded successfully]
[2024-01-10 22:56:51,940 : INFO : common : created directory at: model/]
[2024-01-10 22:57:18,619 : INFO : common : yaml file: config\config.yaml loaded successfully]
[2024-01-10 22:57:18,622 : INFO : common : yaml file: params.yaml loaded successfully]
[2024-01-10 22:57:18,623 : INFO : common : created directory at: model/]
[2024-01-10 22:58:12,198 : INFO : common : yaml file: config\config.yaml loaded successfully]
[2024-01-10 22:58:12,202 : INFO : common : yaml file: params.yaml loaded successfully]
[2024-01-10 22:58:12,203 : INFO : common : created directory at: model/]
[2024-01-10 22:58:52,380 : INFO : common : yaml file: config\config.yaml loaded successfully]
[2024-01-10 22:58:52,382 : INFO : common : yaml file: params.yaml loaded successfully]
[2024-01-10 22:58:52,383 : INFO : common : created directory at: model/]
[2024-01-10 22:59:27,840 : INFO : common : yaml file: config\config.yaml loaded successfully]
[2024-01-10 22:59:27,843 : INFO : common : yaml file: params.yaml loaded successfully]
[2024-01-10 22:59:27,844 : INFO : common : created directory at: model/]
[2024-01-10 23:00:11,380 : INFO : common : yaml file: config\config.yaml loaded successfully]
[2024-01-10 23:00:11,384 : INFO : common : yaml file: params.yaml loaded successfully]
[2024-01-10 23:00:11,386 : INFO : common : created directory at: model/]
[2024-01-10 23:01:16,603 : INFO : common : yaml file: config\config.yaml loaded successfully]
[2024-01-10 23:01:16,605 : INFO : common : yaml file: params.yaml loaded successfully]
[2024-01-10 23:01:16,606 : INFO : common : created directory at: model/]
[2024-01-10 23:01:30,810 : INFO : common : yaml file: config\config.yaml loaded successfully]
[2024-01-10 23:01:30,812 : INFO : common : yaml file: params.yaml loaded successfully]
[2024-01-10 23:01:30,813 : INFO : common : created directory at: model/]
[2024-01-10 23:02:31,033 : INFO : common : yaml file: config\config.yaml loaded successfully]
[2024-01-10 23:02:31,036 : INFO : common : yaml file: params.yaml loaded successfully]
[2024-01-10 23:02:31,037 : INFO : common : created directory at: model/]
[2024-01-10 23:03:22,201 : INFO : common : yaml file: config\config.yaml loaded successfully]
[2024-01-10 23:03:22,212 : INFO : common : yaml file: params.yaml loaded successfully]
[2024-01-10 23:03:22,216 : INFO : common : created directory at: model/]
[2024-01-10 23:04:09,219 : INFO : common : yaml file: config\config.yaml loaded successfully]
[2024-01-10 23:04:09,222 : INFO : common : yaml file: params.yaml loaded successfully]
[2024-01-10 23:04:09,223 : INFO : common : created directory at: model/]
[2024-01-10 23:04:42,055 : INFO : common : yaml file: config\config.yaml loaded successfully]
[2024-01-10 23:04:42,058 : INFO : common : yaml file: params.yaml loaded successfully]
[2024-01-10 23:04:42,059 : INFO : common : created directory at: model/]
[2024-01-10 23:04:51,212 : INFO : common : yaml file: config\config.yaml loaded successfully]
[2024-01-10 23:04:51,215 : INFO : common : yaml file: params.yaml loaded successfully]
[2024-01-10 23:04:51,216 : INFO : common : created directory at: model/]
[2024-01-10 23:06:54,935 : INFO : common : yaml file: config\config.yaml loaded successfully]
[2024-01-10 23:06:54,937 : INFO : common : yaml file: params.yaml loaded successfully]
[2024-01-10 23:06:54,938 : INFO : common : created directory at: model/]
[2024-01-10 23:07:03,755 : INFO : common : yaml file: config\config.yaml loaded successfully]
[2024-01-10 23:07:03,757 : INFO : common : yaml file: params.yaml loaded successfully]
[2024-01-10 23:07:03,758 : INFO : common : created directory at: model/]
[2024-01-10 23:07:14,705 : INFO : common : yaml file: config\config.yaml loaded successfully]
[2024-01-10 23:07:14,709 : INFO : common : yaml file: params.yaml loaded successfully]
[2024-01-10 23:07:14,710 : INFO : common : created directory at: model/]
[2024-01-10 23:07:19,705 : INFO : common : yaml file: config\config.yaml loaded successfully]
[2024-01-10 23:07:19,707 : INFO : common : yaml file: params.yaml loaded successfully]
[2024-01-10 23:07:19,708 : INFO : common : created directory at: model/]
[2024-01-10 23:07:44,414 : INFO : common : yaml file: config\config.yaml loaded successfully]
[2024-01-10 23:07:44,417 : INFO : common : yaml file: params.yaml loaded successfully]
[2024-01-10 23:07:44,417 : INFO : common : created directory at: model/]
[2024-01-10 23:11:07,947 : INFO : common : yaml file: config\config.yaml loaded successfully]
[2024-01-10 23:11:07,955 : INFO : common : yaml file: params.yaml loaded successfully]
[2024-01-10 23:11:07,958 : INFO : common : created directory at: model/]
[2024-01-11 16:16:35,110 : INFO : common : yaml file: config\config.yaml loaded successfully]
[2024-01-11 16:16:35,257 : INFO : common : yaml file: params.yaml loaded successfully]
[2024-01-11 16:16:35,298 : INFO : common : created directory at: model/]
[2024-01-11 18:00:24,008 : INFO : common : yaml file: config\config.yaml loaded successfully]
[2024-01-11 18:00:24,017 : INFO : common : yaml file: params.yaml loaded successfully]
[2024-01-11 18:00:24,018 : INFO : common : created directory at: model/]
[2024-01-11 22:08:19,456 : INFO : common : yaml file: config\config.yaml loaded successfully]
[2024-01-11 22:08:19,473 : INFO : common : yaml file: params.yaml loaded successfully]
[2024-01-11 22:08:19,475 : INFO : common : created directory at: model/]
[2024-01-11 22:10:01,284 : INFO : common : yaml file: config\config.yaml loaded successfully]
[2024-01-11 22:10:01,290 : INFO : common : yaml file: params.yaml loaded successfully]
[2024-01-11 22:10:01,292 : INFO : common : created directory at: model/]
[2024-01-11 22:12:11,087 : INFO : common : yaml file: config\config.yaml loaded successfully]
[2024-01-11 22:12:11,092 : INFO : common : yaml file: params.yaml loaded successfully]
[2024-01-11 22:12:11,178 : INFO : common : created directory at: model/]
[2024-01-12 18:44:32,765 : INFO : common : yaml file: config\config.yaml loaded successfully]
[2024-01-12 18:44:32,804 : INFO : common : yaml file: params.yaml loaded successfully]
[2024-01-12 18:44:32,806 : INFO : common : created directory at: model/]
[2024-01-13 11:20:54,243 : INFO : common : yaml file: config\config.yaml loaded successfully]
[2024-01-13 11:20:54,297 : INFO : common : yaml file: params.yaml loaded successfully]
[2024-01-13 11:20:54,299 : INFO : common : created directory at: model/]
